<?xml version="1.0" encoding="UTF-8"?>
<testng-results ignored="0" total="1" passed="1" failed="0" skipped="0">
  <reporter-output>
  </reporter-output>
  <suite started-at="2024-12-28T22:02:29 IST" name="Master Suite" finished-at="2024-12-28T22:02:33 IST" duration-ms="4875">
    <groups>
      <group name="Master">
        <method signature="TC002LoginTest.verify_login()[pri:0, instance:testCases.TC002LoginTest@36cda2c2]" name="verify_login" class="testCases.TC002LoginTest"/>
      </group> <!-- Master -->
      <group name="Sanity">
        <method signature="TC002LoginTest.verify_login()[pri:0, instance:testCases.TC002LoginTest@36cda2c2]" name="verify_login" class="testCases.TC002LoginTest"/>
      </group> <!-- Sanity -->
    </groups>
    <test started-at="2024-12-28T22:02:29 IST" name="Test" finished-at="2024-12-28T22:02:33 IST" duration-ms="4875">
      <class name="testCases.TC002LoginTest">
        <test-method is-config="true" signature="setUp(java.lang.String,java.lang.String)[pri:0, instance:testCases.TC002LoginTest@36cda2c2]" started-at="2024-12-28T22:02:29 IST" name="setUp" finished-at="2024-12-28T22:02:32 IST" duration-ms="2717" status="PASS">
          <params>
            <param index="0">
              <value>
                <![CDATA[Windows]]>
              </value>
            </param>
            <param index="1">
              <value>
                <![CDATA[chrome]]>
              </value>
            </param>
          </params>
          <reporter-output>
          </reporter-output>
        </test-method> <!-- setUp -->
        <test-method signature="verify_login()[pri:0, instance:testCases.TC002LoginTest@36cda2c2]" started-at="2024-12-28T22:02:32 IST" name="verify_login" finished-at="2024-12-28T22:02:33 IST" duration-ms="1763" status="PASS">
          <reporter-output>
          </reporter-output>
        </test-method> <!-- verify_login -->
        <test-method is-config="true" signature="tearDown()[pri:0, instance:testCases.TC002LoginTest@36cda2c2]" started-at="2024-12-28T22:02:33 IST" name="tearDown" finished-at="2024-12-28T22:02:33 IST" duration-ms="138" status="PASS">
          <reporter-output>
          </reporter-output>
        </test-method> <!-- tearDown -->
      </class> <!-- testCases.TC002LoginTest -->
    </test> <!-- Test -->
  </suite> <!-- Master Suite -->
</testng-results>
