<?xml version="1.0" encoding="UTF-8"?>
<testng-results ignored="0" total="2" passed="2" failed="0" skipped="0">
  <reporter-output>
  </reporter-output>
  <suite started-at="2025-01-07T16:33:39 IST" name="Master Suite" finished-at="2025-01-07T16:33:50 IST" duration-ms="10417">
    <groups>
      <group name="Master">
        <method signature="TC001AccountRegistrationTest.verify_account_registration()[pri:0, instance:testCases.TC001AccountRegistrationTest@12dae582]" name="verify_account_registration" class="testCases.TC001AccountRegistrationTest"/>
        <method signature="TC002LoginTest.verify_login()[pri:0, instance:testCases.TC002LoginTest@5b7ea70d]" name="verify_login" class="testCases.TC002LoginTest"/>
      </group> <!-- Master -->
      <group name="Sanity">
        <method signature="TC002LoginTest.verify_login()[pri:0, instance:testCases.TC002LoginTest@5b7ea70d]" name="verify_login" class="testCases.TC002LoginTest"/>
      </group> <!-- Sanity -->
      <group name="Regression">
        <method signature="TC001AccountRegistrationTest.verify_account_registration()[pri:0, instance:testCases.TC001AccountRegistrationTest@12dae582]" name="verify_account_registration" class="testCases.TC001AccountRegistrationTest"/>
      </group> <!-- Regression -->
    </groups>
    <test started-at="2025-01-07T16:33:39 IST" name="Test" finished-at="2025-01-07T16:33:50 IST" duration-ms="10417">
      <class name="testCases.TC002LoginTest">
        <test-method is-config="true" signature="setUp(java.lang.String,java.lang.String)[pri:0, instance:testCases.TC002LoginTest@5b7ea70d]" started-at="2025-01-07T16:33:46 IST" name="setUp" finished-at="2025-01-07T16:33:48 IST" duration-ms="2136" status="PASS">
          <params>
            <param index="0">
              <value>
                <![CDATA[Windows]]>
              </value>
            </param>
            <param index="1">
              <value>
                <![CDATA[chrome]]>
              </value>
            </param>
          </params>
          <reporter-output>
          </reporter-output>
        </test-method> <!-- setUp -->
        <test-method signature="verify_login()[pri:0, instance:testCases.TC002LoginTest@5b7ea70d]" started-at="2025-01-07T16:33:48 IST" name="verify_login" finished-at="2025-01-07T16:33:50 IST" duration-ms="1556" status="PASS">
          <reporter-output>
          </reporter-output>
        </test-method> <!-- verify_login -->
        <test-method is-config="true" signature="tearDown()[pri:0, instance:testCases.TC002LoginTest@5b7ea70d]" started-at="2025-01-07T16:33:50 IST" name="tearDown" finished-at="2025-01-07T16:33:50 IST" duration-ms="154" status="PASS">
          <reporter-output>
          </reporter-output>
        </test-method> <!-- tearDown -->
      </class> <!-- testCases.TC002LoginTest -->
      <class name="testCases.TC001AccountRegistrationTest">
        <test-method is-config="true" signature="setUp(java.lang.String,java.lang.String)[pri:0, instance:testCases.TC001AccountRegistrationTest@12dae582]" started-at="2025-01-07T16:33:40 IST" name="setUp" finished-at="2025-01-07T16:33:43 IST" duration-ms="3421" status="PASS">
          <params>
            <param index="0">
              <value>
                <![CDATA[Windows]]>
              </value>
            </param>
            <param index="1">
              <value>
                <![CDATA[chrome]]>
              </value>
            </param>
          </params>
          <reporter-output>
          </reporter-output>
        </test-method> <!-- setUp -->
        <test-method signature="verify_account_registration()[pri:0, instance:testCases.TC001AccountRegistrationTest@12dae582]" started-at="2025-01-07T16:33:43 IST" name="verify_account_registration" finished-at="2025-01-07T16:33:46 IST" duration-ms="2629" status="PASS">
          <reporter-output>
          </reporter-output>
        </test-method> <!-- verify_account_registration -->
        <test-method is-config="true" signature="tearDown()[pri:0, instance:testCases.TC001AccountRegistrationTest@12dae582]" started-at="2025-01-07T16:33:46 IST" name="tearDown" finished-at="2025-01-07T16:33:46 IST" duration-ms="176" status="PASS">
          <reporter-output>
          </reporter-output>
        </test-method> <!-- tearDown -->
      </class> <!-- testCases.TC001AccountRegistrationTest -->
    </test> <!-- Test -->
  </suite> <!-- Master Suite -->
</testng-results>
