<?xml version="1.0" encoding="UTF-8"?>
<testng-results ignored="0" total="2" passed="2" failed="0" skipped="0">
  <reporter-output>
  </reporter-output>
  <suite started-at="2024-12-28T10:48:36 IST" name="Master Suite" finished-at="2024-12-28T10:48:47 IST" duration-ms="10895">
    <groups>
      <group name="Master">
        <method signature="TC001AccountRegistrationTest.verify_account_registration()[pri:0, instance:testCases.TC001AccountRegistrationTest@26425897]" name="verify_account_registration" class="testCases.TC001AccountRegistrationTest"/>
        <method signature="TC002LoginTest.verify_login()[pri:0, instance:testCases.TC002LoginTest@62f4ff3b]" name="verify_login" class="testCases.TC002LoginTest"/>
      </group> <!-- Master -->
      <group name="Sanity">
        <method signature="TC002LoginTest.verify_login()[pri:0, instance:testCases.TC002LoginTest@62f4ff3b]" name="verify_login" class="testCases.TC002LoginTest"/>
      </group> <!-- Sanity -->
      <group name="Regression">
        <method signature="TC001AccountRegistrationTest.verify_account_registration()[pri:0, instance:testCases.TC001AccountRegistrationTest@26425897]" name="verify_account_registration" class="testCases.TC001AccountRegistrationTest"/>
      </group> <!-- Regression -->
    </groups>
    <test started-at="2024-12-28T10:48:36 IST" name="Test" finished-at="2024-12-28T10:48:47 IST" duration-ms="10895">
      <class name="testCases.TC002LoginTest">
        <test-method is-config="true" signature="setUp(java.lang.String,java.lang.String)[pri:0, instance:testCases.TC002LoginTest@62f4ff3b]" started-at="2024-12-28T10:48:43 IST" name="setUp" finished-at="2024-12-28T10:48:45 IST" duration-ms="2028" status="PASS">
          <params>
            <param index="0">
              <value>
                <![CDATA[Windows]]>
              </value>
            </param>
            <param index="1">
              <value>
                <![CDATA[chrome]]>
              </value>
            </param>
          </params>
          <reporter-output>
          </reporter-output>
        </test-method> <!-- setUp -->
        <test-method signature="verify_login()[pri:0, instance:testCases.TC002LoginTest@62f4ff3b]" started-at="2024-12-28T10:48:45 IST" name="verify_login" finished-at="2024-12-28T10:48:47 IST" duration-ms="1631" status="PASS">
          <reporter-output>
          </reporter-output>
        </test-method> <!-- verify_login -->
        <test-method is-config="true" signature="tearDown()[pri:0, instance:testCases.TC002LoginTest@62f4ff3b]" started-at="2024-12-28T10:48:47 IST" name="tearDown" finished-at="2024-12-28T10:48:47 IST" duration-ms="134" status="PASS">
          <reporter-output>
          </reporter-output>
        </test-method> <!-- tearDown -->
      </class> <!-- testCases.TC002LoginTest -->
      <class name="testCases.TC001AccountRegistrationTest">
        <test-method is-config="true" signature="setUp(java.lang.String,java.lang.String)[pri:0, instance:testCases.TC001AccountRegistrationTest@26425897]" started-at="2024-12-28T10:48:36 IST" name="setUp" finished-at="2024-12-28T10:48:41 IST" duration-ms="4320" status="PASS">
          <params>
            <param index="0">
              <value>
                <![CDATA[Windows]]>
              </value>
            </param>
            <param index="1">
              <value>
                <![CDATA[chrome]]>
              </value>
            </param>
          </params>
          <reporter-output>
          </reporter-output>
        </test-method> <!-- setUp -->
        <test-method signature="verify_account_registration()[pri:0, instance:testCases.TC001AccountRegistrationTest@26425897]" started-at="2024-12-28T10:48:41 IST" name="verify_account_registration" finished-at="2024-12-28T10:48:43 IST" duration-ms="2325" status="PASS">
          <reporter-output>
          </reporter-output>
        </test-method> <!-- verify_account_registration -->
        <test-method is-config="true" signature="tearDown()[pri:0, instance:testCases.TC001AccountRegistrationTest@26425897]" started-at="2024-12-28T10:48:43 IST" name="tearDown" finished-at="2024-12-28T10:48:43 IST" duration-ms="173" status="PASS">
          <reporter-output>
          </reporter-output>
        </test-method> <!-- tearDown -->
      </class> <!-- testCases.TC001AccountRegistrationTest -->
    </test> <!-- Test -->
  </suite> <!-- Master Suite -->
</testng-results>
